<?xml version="1.0" encoding="UTF-8"?>
<!-- Generated by org.testng.reporters.JUnitXMLReporter -->
<testsuite hostname="ПК-ПК" ignored="0" name="OpenAccountTest" tests="2" failures="0" timestamp="12 Aug 2018 17:06:32 GMT" time="68.868" errors="0">
  <testcase name="openAccountTest" time="56.685" classname="com.w2a.suite.bankmanager.testcases.OpenAccountTest"/>
  <testcase name="openAccountTest" time="67.688" classname="com.w2a.suite.bankmanager.testcases.OpenAccountTest"/>
</testsuite> <!-- OpenAccountTest -->
