<?xml version="1.0" encoding="UTF-8"?>
<testng-results skipped="0" failed="0" ignored="0" total="4" passed="4">
  <reporter-output>
  </reporter-output>
  <suite name="BankManagerSuite" duration-ms="72229" started-at="2018-08-12T18:07:44Z" finished-at="2018-08-12T18:08:56Z">
    <groups>
    </groups>
    <test name="OpenAccountTest" duration-ms="71536" started-at="2018-08-12T18:07:44Z" finished-at="2018-08-12T18:08:55Z">
      <class name="com.w2a.suite.bankmanager.testcases.OpenAccountTest">
        <test-method status="PASS" signature="openAccountTest(java.util.Hashtable)[pri:0, instance:com.w2a.suite.bankmanager.testcases.OpenAccountTest@255b53dc]" name="openAccountTest" duration-ms="70290" started-at="2018-08-12T18:07:45Z" data-provider="bankManagerDP" finished-at="2018-08-12T18:08:55Z">
          <params>
            <param index="0">
              <value>
                <![CDATA[{currency=Pound, browser=firefox, Runmode=Y, customer=Albus Dumbledore}]]>
              </value>
            </param>
          </params>
          <reporter-output>
          </reporter-output>
        </test-method> <!-- openAccountTest -->
        <test-method status="PASS" signature="openAccountTest(java.util.Hashtable)[pri:0, instance:com.w2a.suite.bankmanager.testcases.OpenAccountTest@255b53dc]" name="openAccountTest" duration-ms="60905" started-at="2018-08-12T18:07:45Z" data-provider="bankManagerDP" finished-at="2018-08-12T18:08:46Z">
          <params>
            <param index="0">
              <value>
                <![CDATA[{currency=Dollar, browser=chrome, Runmode=Y, customer=Harry Potter}]]>
              </value>
            </param>
          </params>
          <reporter-output>
          </reporter-output>
        </test-method> <!-- openAccountTest -->
        <test-method status="PASS" signature="tearDown()[pri:0, instance:com.w2a.suite.bankmanager.testcases.OpenAccountTest@255b53dc]" name="tearDown" is-config="true" duration-ms="2374" started-at="2018-08-12T18:08:46Z" finished-at="2018-08-12T18:08:48Z">
          <reporter-output>
          </reporter-output>
        </test-method> <!-- tearDown -->
        <test-method status="PASS" signature="tearDown()[pri:0, instance:com.w2a.suite.bankmanager.testcases.OpenAccountTest@255b53dc]" name="tearDown" is-config="true" duration-ms="497" started-at="2018-08-12T18:08:55Z" finished-at="2018-08-12T18:08:55Z">
          <reporter-output>
          </reporter-output>
        </test-method> <!-- tearDown -->
      </class> <!-- com.w2a.suite.bankmanager.testcases.OpenAccountTest -->
    </test> <!-- OpenAccountTest -->
    <test name="AddCustomerTest" duration-ms="72229" started-at="2018-08-12T18:07:44Z" finished-at="2018-08-12T18:08:56Z">
      <class name="com.w2a.suite.bankmanager.testcases.AddCustomerTest">
        <test-method status="PASS" signature="addCustomerTest(java.util.Hashtable)[pri:0, instance:com.w2a.suite.bankmanager.testcases.AddCustomerTest@23a5fd2]" name="addCustomerTest" duration-ms="63190" started-at="2018-08-12T18:07:45Z" data-provider="bankManagerDP" finished-at="2018-08-12T18:08:48Z">
          <params>
            <param index="0">
              <value>
                <![CDATA[{browser=chrome, postcode=hd3sdf, Runmode=Y, lastname=Yudin, firstname=Andrey}]]>
              </value>
            </param>
          </params>
          <reporter-output>
          </reporter-output>
        </test-method> <!-- addCustomerTest -->
        <test-method status="PASS" signature="addCustomerTest(java.util.Hashtable)[pri:0, instance:com.w2a.suite.bankmanager.testcases.AddCustomerTest@23a5fd2]" name="addCustomerTest" duration-ms="71313" started-at="2018-08-12T18:07:45Z" data-provider="bankManagerDP" finished-at="2018-08-12T18:08:56Z">
          <params>
            <param index="0">
              <value>
                <![CDATA[{browser=firefox, postcode=fdgd3f, Runmode=Y, lastname=Jenkins, firstname=Tim}]]>
              </value>
            </param>
          </params>
          <reporter-output>
          </reporter-output>
        </test-method> <!-- addCustomerTest -->
        <test-method status="PASS" signature="tearDown()[pri:0, instance:com.w2a.suite.bankmanager.testcases.AddCustomerTest@23a5fd2]" name="tearDown" is-config="true" duration-ms="521" started-at="2018-08-12T18:08:48Z" finished-at="2018-08-12T18:08:48Z">
          <reporter-output>
          </reporter-output>
        </test-method> <!-- tearDown -->
        <test-method status="PASS" signature="tearDown()[pri:0, instance:com.w2a.suite.bankmanager.testcases.AddCustomerTest@23a5fd2]" name="tearDown" is-config="true" duration-ms="169" started-at="2018-08-12T18:08:56Z" finished-at="2018-08-12T18:08:56Z">
          <reporter-output>
          </reporter-output>
        </test-method> <!-- tearDown -->
      </class> <!-- com.w2a.suite.bankmanager.testcases.AddCustomerTest -->
    </test> <!-- AddCustomerTest -->
  </suite> <!-- BankManagerSuite -->
</testng-results>
