<?xml version="1.0" encoding="UTF-8"?>
<testng-results skipped="0" failed="0" ignored="0" total="4" passed="4">
  <reporter-output>
  </reporter-output>
  <suite name="BankManagerSuite" duration-ms="68868" started-at="2018-08-12T17:05:23Z" finished-at="2018-08-12T17:06:32Z">
    <groups>
    </groups>
    <test name="AddCustomerTest" duration-ms="68528" started-at="2018-08-12T17:05:23Z" finished-at="2018-08-12T17:06:32Z">
      <class name="com.w2a.suite.bankmanager.testcases.AddCustomerTest">
        <test-method status="PASS" signature="addCustomerTest(java.util.Hashtable)[pri:0, instance:com.w2a.suite.bankmanager.testcases.AddCustomerTest@4fe767f3]" name="addCustomerTest" duration-ms="56755" started-at="2018-08-12T17:05:24Z" data-provider="bankManagerDP" finished-at="2018-08-12T17:06:21Z">
          <params>
            <param index="0">
              <value>
                <![CDATA[{browser=chrome, postcode=hd3sdf, Runmode=Y, lastname=Yudin, firstname=Andrey}]]>
              </value>
            </param>
          </params>
          <reporter-output>
          </reporter-output>
        </test-method> <!-- addCustomerTest -->
        <test-method status="PASS" signature="addCustomerTest(java.util.Hashtable)[pri:0, instance:com.w2a.suite.bankmanager.testcases.AddCustomerTest@4fe767f3]" name="addCustomerTest" duration-ms="67233" started-at="2018-08-12T17:05:24Z" data-provider="bankManagerDP" finished-at="2018-08-12T17:06:31Z">
          <params>
            <param index="0">
              <value>
                <![CDATA[{browser=firefox, postcode=fdgd3f, Runmode=Y, lastname=Jenkins, firstname=Tim}]]>
              </value>
            </param>
          </params>
          <reporter-output>
          </reporter-output>
        </test-method> <!-- addCustomerTest -->
        <test-method status="PASS" signature="tearDown()[pri:0, instance:com.w2a.suite.bankmanager.testcases.AddCustomerTest@4fe767f3]" name="tearDown" is-config="true" duration-ms="2025" started-at="2018-08-12T17:06:21Z" finished-at="2018-08-12T17:06:23Z">
          <reporter-output>
          </reporter-output>
        </test-method> <!-- tearDown -->
        <test-method status="PASS" signature="tearDown()[pri:0, instance:com.w2a.suite.bankmanager.testcases.AddCustomerTest@4fe767f3]" name="tearDown" is-config="true" duration-ms="396" started-at="2018-08-12T17:06:31Z" finished-at="2018-08-12T17:06:32Z">
          <reporter-output>
          </reporter-output>
        </test-method> <!-- tearDown -->
      </class> <!-- com.w2a.suite.bankmanager.testcases.AddCustomerTest -->
    </test> <!-- AddCustomerTest -->
    <test name="OpenAccountTest" duration-ms="68868" started-at="2018-08-12T17:05:23Z" finished-at="2018-08-12T17:06:32Z">
      <class name="com.w2a.suite.bankmanager.testcases.OpenAccountTest">
        <test-method status="PASS" signature="openAccountTest(java.util.Hashtable)[pri:0, instance:com.w2a.suite.bankmanager.testcases.OpenAccountTest@6973bf95]" name="openAccountTest" duration-ms="67688" started-at="2018-08-12T17:05:24Z" data-provider="bankManagerDP" finished-at="2018-08-12T17:06:32Z">
          <params>
            <param index="0">
              <value>
                <![CDATA[{currency=Pound, browser=firefox, Runmode=Y, customer=Albus Dumbledore}]]>
              </value>
            </param>
          </params>
          <reporter-output>
          </reporter-output>
        </test-method> <!-- openAccountTest -->
        <test-method status="PASS" signature="openAccountTest(java.util.Hashtable)[pri:0, instance:com.w2a.suite.bankmanager.testcases.OpenAccountTest@6973bf95]" name="openAccountTest" duration-ms="56685" started-at="2018-08-12T17:05:24Z" data-provider="bankManagerDP" finished-at="2018-08-12T17:06:21Z">
          <params>
            <param index="0">
              <value>
                <![CDATA[{currency=Dollar, browser=chrome, Runmode=Y, customer=Harry Potter}]]>
              </value>
            </param>
          </params>
          <reporter-output>
          </reporter-output>
        </test-method> <!-- openAccountTest -->
        <test-method status="PASS" signature="tearDown()[pri:0, instance:com.w2a.suite.bankmanager.testcases.OpenAccountTest@6973bf95]" name="tearDown" is-config="true" duration-ms="2103" started-at="2018-08-12T17:06:21Z" finished-at="2018-08-12T17:06:23Z">
          <reporter-output>
          </reporter-output>
        </test-method> <!-- tearDown -->
        <test-method status="PASS" signature="tearDown()[pri:0, instance:com.w2a.suite.bankmanager.testcases.OpenAccountTest@6973bf95]" name="tearDown" is-config="true" duration-ms="283" started-at="2018-08-12T17:06:32Z" finished-at="2018-08-12T17:06:32Z">
          <reporter-output>
          </reporter-output>
        </test-method> <!-- tearDown -->
      </class> <!-- com.w2a.suite.bankmanager.testcases.OpenAccountTest -->
    </test> <!-- OpenAccountTest -->
  </suite> <!-- BankManagerSuite -->
</testng-results>
