<?xml version="1.0" encoding="UTF-8"?>
<!-- Generated by org.testng.reporters.JUnitXMLReporter -->
<testsuite hostname="ПК-ПК" ignored="0" name="AddCustomerTest" tests="2" failures="0" timestamp="12 Aug 2018 18:08:56 GMT" time="72.229" errors="0">
  <testcase name="addCustomerTest" time="63.19" classname="com.w2a.suite.bankmanager.testcases.AddCustomerTest"/>
  <testcase name="addCustomerTest" time="71.313" classname="com.w2a.suite.bankmanager.testcases.AddCustomerTest"/>
</testsuite> <!-- AddCustomerTest -->
