<?xml version="1.0" encoding="UTF-8"?>
<!-- Generated by org.testng.reporters.JUnitXMLReporter -->
<testsuite hostname="ПК-ПК" ignored="0" name="OpenAccountTest" tests="2" failures="0" timestamp="12 Aug 2018 18:08:55 GMT" time="71.536" errors="0">
  <testcase name="openAccountTest" time="60.905" classname="com.w2a.suite.bankmanager.testcases.OpenAccountTest"/>
  <testcase name="openAccountTest" time="70.29" classname="com.w2a.suite.bankmanager.testcases.OpenAccountTest"/>
</testsuite> <!-- OpenAccountTest -->
